\BOOKMARK [0][-]{chapter.1}{Einleitung}{}% 1
\BOOKMARK [1][-]{section.1.1}{Ziel der Arbeit}{chapter.1}% 2
\BOOKMARK [1][-]{section.1.2}{Hilfestellungen}{chapter.1}% 3
\BOOKMARK [1][-]{section.1.3}{Erreichtes}{chapter.1}% 4
\BOOKMARK [1][-]{section.1.4}{Leserf\374hrung}{chapter.1}% 5
\BOOKMARK [0][-]{chapter.2}{Theoretischer Teil}{}% 6
\BOOKMARK [1][-]{section.2.1}{Einleitung}{chapter.2}% 7
\BOOKMARK [1][-]{section.2.2}{Messverfahren}{chapter.2}% 8
\BOOKMARK [1][-]{section.2.3}{Berechnungsablauf}{chapter.2}% 9
\BOOKMARK [1][-]{section.2.4}{Berechnungen}{chapter.2}% 10
\BOOKMARK [2][-]{subsection.2.4.1}{Dark Current}{section.2.4}% 11
\BOOKMARK [2][-]{subsection.2.4.2}{White Reference}{section.2.4}% 12
\BOOKMARK [2][-]{subsection.2.4.3}{Radiance}{section.2.4}% 13
\BOOKMARK [0][-]{chapter.3}{Umsetzung}{}% 14
\BOOKMARK [1][-]{section.3.1}{Einleitung}{chapter.3}% 15
\BOOKMARK [1][-]{section.3.2}{Anforderungen}{chapter.3}% 16
\BOOKMARK [1][-]{section.3.3}{Technologien}{chapter.3}% 17
\BOOKMARK [2][-]{subsection.3.3.1}{Entwicklungsumgebung}{section.3.3}% 18
\BOOKMARK [2][-]{subsection.3.3.2}{Programmiersprache}{section.3.3}% 19
\BOOKMARK [2][-]{subsection.3.3.3}{Abh\344ngigkeiten}{section.3.3}% 20
\BOOKMARK [1][-]{section.3.4}{Architektur}{chapter.3}% 21
\BOOKMARK [2][-]{subsection.3.4.1}{Grobarchitektur}{section.3.4}% 22
\BOOKMARK [2][-]{subsection.3.4.2}{Core}{section.3.4}% 23
\BOOKMARK [2][-]{subsection.3.4.3}{Service}{section.3.4}% 24
\BOOKMARK [2][-]{subsection.3.4.4}{iOS App}{section.3.4}% 25
\BOOKMARK [1][-]{section.3.5}{Core}{chapter.3}% 26
\BOOKMARK [2][-]{subsection.3.5.1}{Connection}{section.3.5}% 27
\BOOKMARK [2][-]{subsection.3.5.2}{Input/Output}{section.3.5}% 28
\BOOKMARK [2][-]{subsection.3.5.3}{Calculations}{section.3.5}% 29
\BOOKMARK [2][-]{subsection.3.5.4}{Error Handling}{section.3.5}% 30
\BOOKMARK [1][-]{section.3.6}{Service}{chapter.3}% 31
\BOOKMARK [2][-]{subsection.3.6.1}{Instrument Store}{section.3.6}% 32
\BOOKMARK [2][-]{subsection.3.6.2}{Command Manager}{section.3.6}% 33
\BOOKMARK [2][-]{subsection.3.6.3}{File Write Manager}{section.3.6}% 34
\BOOKMARK [1][-]{section.3.7}{iOS App}{chapter.3}% 35
\BOOKMARK [2][-]{subsection.3.7.1}{App Delegate}{section.3.7}% 36
\BOOKMARK [2][-]{subsection.3.7.2}{Core Data}{section.3.7}% 37
\BOOKMARK [2][-]{subsection.3.7.3}{Views}{section.3.7}% 38
\BOOKMARK [2][-]{subsection.3.7.4}{Controllers}{section.3.7}% 39
\BOOKMARK [2][-]{subsection.3.7.5}{Components}{section.3.7}% 40
\BOOKMARK [2][-]{subsection.3.7.6}{View Store}{section.3.7}% 41
\BOOKMARK [2][-]{subsection.3.7.7}{Service}{section.3.7}% 42
